<?xml version="1.0" encoding="UTF-8"?>
<!-- Generated by org.testng.reporters.JUnitReportReporter -->
<testsuite skipped="0" hostname="DESKTOP-RE8T31A" name="com.qa.hubspot.MyRunner_BDD.TestRunner" tests="1" failures="0" timestamp="31 Oct 2020 16:50:26 GMT" time="44.028" errors="0">
  <testcase name="feature" time="44.028" classname="com.qa.hubspot.MyRunner_BDD.TestRunner"/>
</testsuite> <!-- com.qa.hubspot.MyRunner_BDD.TestRunner -->
